<?xml version="1.0" encoding="UTF-8"?>
<testng-results ignored="0" total="1" passed="0" failed="1" skipped="0">
  <reporter-output>
  </reporter-output>
  <suite started-at="2022-10-20T16:16:21 IST" name="Default suite" finished-at="2022-10-20T16:16:24 IST" duration-ms="3338">
    <groups>
      <group name="regression">
        <method signature="TC_004_View_Report.TC_004_MfilesReport()[pri:0, instance:com.qualitymatrix.web.testcases.TC_004_View_Report@209da20d]" name="TC_004_MfilesReport" class="com.qualitymatrix.web.testcases.TC_004_View_Report"/>
      </group> <!-- regression -->
      <group name="Web Application">
        <method signature="TC_004_View_Report.TC_004_MfilesReport()[pri:0, instance:com.qualitymatrix.web.testcases.TC_004_View_Report@209da20d]" name="TC_004_MfilesReport" class="com.qualitymatrix.web.testcases.TC_004_View_Report"/>
      </group> <!-- Web Application -->
      <group name="smoke">
        <method signature="TC_004_View_Report.TC_004_MfilesReport()[pri:0, instance:com.qualitymatrix.web.testcases.TC_004_View_Report@209da20d]" name="TC_004_MfilesReport" class="com.qualitymatrix.web.testcases.TC_004_View_Report"/>
      </group> <!-- smoke -->
    </groups>
    <test started-at="2022-10-20T16:16:21 IST" name="Default test" finished-at="2022-10-20T16:16:24 IST" duration-ms="3338">
      <class name="com.qualitymatrix.web.testcases.TC_004_View_Report">
        <test-method signature="TC_004_MfilesReport()[pri:0, instance:com.qualitymatrix.web.testcases.TC_004_View_Report@209da20d]" started-at="2022-10-20T16:16:21 IST" name="TC_004_MfilesReport" description="View Report" finished-at="2022-10-20T16:16:23 IST" duration-ms="2445" status="FAIL">
          <exception class="java.lang.ClassCastException">
            <message>
              <![CDATA[class java.io.FileInputStream cannot be cast to class org.apache.pdfbox.io.RandomAccessRead (java.io.FileInputStream is in module java.base of loader 'bootstrap'; org.apache.pdfbox.io.RandomAccessRead is in unnamed module of loader 'app')]]>
            </message>
            <full-stacktrace>
              <![CDATA[java.lang.ClassCastException: class java.io.FileInputStream cannot be cast to class org.apache.pdfbox.io.RandomAccessRead (java.io.FileInputStream is in module java.base of loader 'bootstrap'; org.apache.pdfbox.io.RandomAccessRead is in unnamed module of loader 'app')
at com.qualitymatrix.web.pages.WESReport.Verify_WESreport(WESReport.java:151)
at com.qualitymatrix.web.testcases.TC_004_View_Report.TC_004_MfilesReport(TC_004_View_Report.java:32)
at java.base/jdk.internal.reflect.NativeMethodAccessorImpl.invoke0(Native Method)
at java.base/jdk.internal.reflect.NativeMethodAccessorImpl.invoke(NativeMethodAccessorImpl.java:77)
at java.base/jdk.internal.reflect.DelegatingMethodAccessorImpl.invoke(DelegatingMethodAccessorImpl.java:43)
at java.base/java.lang.reflect.Method.invoke(Method.java:568)
at org.testng.internal.MethodInvocationHelper.invokeMethod(MethodInvocationHelper.java:133)
at org.testng.internal.TestInvoker.invokeMethod(TestInvoker.java:598)
at org.testng.internal.TestInvoker.invokeTestMethod(TestInvoker.java:173)
at org.testng.internal.MethodRunner.runInSequence(MethodRunner.java:46)
at org.testng.internal.TestInvoker$MethodInvocationAgent.invoke(TestInvoker.java:824)
at org.testng.internal.TestInvoker.invokeTestMethods(TestInvoker.java:146)
at org.testng.internal.TestMethodWorker.invokeTestMethods(TestMethodWorker.java:146)
at org.testng.internal.TestMethodWorker.run(TestMethodWorker.java:128)
at java.base/java.util.ArrayList.forEach(ArrayList.java:1511)
at org.testng.TestRunner.privateRun(TestRunner.java:794)
at org.testng.TestRunner.run(TestRunner.java:596)
at org.testng.SuiteRunner.runTest(SuiteRunner.java:377)
at org.testng.SuiteRunner.runSequentially(SuiteRunner.java:371)
at org.testng.SuiteRunner.privateRun(SuiteRunner.java:332)
at org.testng.SuiteRunner.run(SuiteRunner.java:276)
at org.testng.SuiteRunnerWorker.runSuite(SuiteRunnerWorker.java:53)
at org.testng.SuiteRunnerWorker.run(SuiteRunnerWorker.java:96)
at org.testng.TestNG.runSuitesSequentially(TestNG.java:1212)
at org.testng.TestNG.runSuitesLocally(TestNG.java:1134)
at org.testng.TestNG.runSuites(TestNG.java:1063)
at org.testng.TestNG.run(TestNG.java:1031)
at org.testng.remote.AbstractRemoteTestNG.run(AbstractRemoteTestNG.java:115)
at org.testng.remote.RemoteTestNG.initAndRun(RemoteTestNG.java:251)
at org.testng.remote.RemoteTestNG.main(RemoteTestNG.java:77)
]]>
            </full-stacktrace>
          </exception> <!-- java.lang.ClassCastException -->
          <reporter-output>
          </reporter-output>
        </test-method> <!-- TC_004_MfilesReport -->
      </class> <!-- com.qualitymatrix.web.testcases.TC_004_View_Report -->
    </test> <!-- Default test -->
  </suite> <!-- Default suite -->
</testng-results>
